{
  "RSpec": {
    "coverage": {
      "/Users/dylanrhodius/Documents/MA/oystercard/spec/journey_log_spec.rb": [
        1,
        null,
        1,
        null,
        1,
        1,
        null,
        null,
        1,
        1,
        null,
        null,
        null,
        2,
        2,
        null,
        1,
        1,
        1,
        1,
        null,
        null,
        null
      ],
      "/Users/dylanrhodius/Documents/MA/oystercard/lib/journey_log.rb": [
        1,
        null,
        1,
        null,
        1,
        null,
        1,
        14,
        14,
        null,
        null,
        1,
        4,
        null,
        null,
        1,
        2,
        2,
        null,
        null,
        1,
        1,
        null,
        null,
        1,
        null,
        1,
        2,
        null,
        null,
        1,
        2,
        null,
        null,
        null
      ],
      "/Users/dylanrhodius/Documents/MA/oystercard/lib/journey.rb": [
        1,
        null,
        1,
        null,
        1,
        1,
        null,
        1,
        null,
        1,
        9,
        null,
        null,
        1,
        6,
        null,
        null,
        1,
        4,
        null,
        null,
        1,
        6,
        null,
        null,
        1,
        null,
        1,
        2,
        2,
        2,
        2,
        null,
        null,
        null
      ],
      "/Users/dylanrhodius/Documents/MA/oystercard/lib/station.rb": [
        1,
        null,
        1,
        null,
        1,
        1,
        null,
        1,
        7,
        7,
        7,
        null,
        null,
        1,
        7,
        7,
        7,
        null,
        null,
        1,
        null,
        1,
        7,
        6,
        null,
        null,
        1,
        7,
        42,
        42,
        42,
        null,
        null,
        null,
        null
      ],
      "/Users/dylanrhodius/Documents/MA/oystercard/spec/journey_spec.rb": [
        1,
        null,
        1,
        null,
        1,
        1,
        1,
        1,
        null,
        null,
        null,
        1,
        1,
        1,
        1,
        null,
        null,
        null,
        1,
        1,
        1,
        1,
        1,
        null,
        1,
        1,
        1,
        null,
        1,
        1,
        1,
        null,
        null,
        null,
        1,
        1,
        1,
        1,
        1,
        null,
        1,
        1,
        1,
        null,
        null,
        null,
        null
      ],
      "/Users/dylanrhodius/Documents/MA/oystercard/spec/oystercard_spec.rb": [
        1,
        1,
        null,
        1,
        null,
        12,
        1,
        1,
        null,
        null,
        1,
        1,
        1,
        null,
        null,
        null,
        1,
        2,
        null,
        1,
        4,
        null,
        null,
        1,
        1,
        1,
        null,
        null,
        1,
        1,
        1,
        2,
        null,
        null,
        1,
        1,
        2,
        null,
        null,
        1,
        1,
        2,
        1,
        null,
        null,
        null,
        null,
        1,
        4,
        1,
        1,
        1,
        null,
        1,
        1,
        2,
        null,
        1,
        1,
        1,
        null,
        null,
        null,
        1,
        1,
        1,
        1,
        1,
        null,
        null,
        1,
        1,
        4,
        null,
        null,
        null,
        null,
        null
      ],
      "/Users/dylanrhodius/Documents/MA/oystercard/lib/oystercard.rb": [
        1,
        1,
        null,
        1,
        null,
        1,
        null,
        1,
        null,
        1,
        11,
        11,
        null,
        null,
        1,
        10,
        7,
        null,
        null,
        1,
        4,
        3,
        null,
        null,
        1,
        1,
        1,
        1,
        null,
        null,
        1,
        null,
        1,
        0,
        0,
        null,
        null,
        1,
        8,
        null,
        null,
        1,
        1,
        null,
        null,
        1,
        3,
        null,
        null,
        1,
        10,
        null,
        null,
        1,
        4,
        null,
        null,
        null
      ],
      "/Users/dylanrhodius/Documents/MA/oystercard/spec/station_spec.rb": [
        1,
        null,
        1,
        null,
        1,
        3,
        2,
        null,
        1,
        1,
        null,
        1,
        1,
        null,
        1,
        1,
        2,
        null,
        null,
        null,
        null
      ]
    },
    "timestamp": 1484326688
  }
}
